Building DAG of jobs...
Using shell: /usr/bin/bash
Provided cores: 2
Rules claiming more threads will be scaled down.
Job stats:
job                count    min threads    max threads
---------------  -------  -------------  -------------
all                    1              1              1
count_reads            1              1              1
get_metadata           1              1              1
samfilter_reads        1              1              1
split_reads            1              1              1
total                  5              1              1

Select jobs to execute...

[Wed May 24 22:44:45 2023]
rule count_reads:
    input: /cndd3/dburrows/DATA/te/rna/filt.prac/snakemake/prac.2/Aligned.sortedByCoord.out.bam
    output: /cndd3/dburrows/DATA/te/rna/filt.prac/snakemake/prac.2/total_reads.txt
    jobid: 1
    reason: Missing output files: /cndd3/dburrows/DATA/te/rna/filt.prac/snakemake/prac.2/total_reads.txt
    resources: tmpdir=/tmp


[Wed May 24 22:44:45 2023]
rule split_reads:
    input: /cndd3/dburrows/DATA/te/rna/filt.prac/snakemake/prac.2/Aligned.sortedByCoord.out.bam
    output: /cndd3/dburrows/DATA/te/rna/filt.prac/snakemake/prac.2/plus.bam, /cndd3/dburrows/DATA/te/rna/filt.prac/snakemake/prac.2/minus.bam
    jobid: 4
    reason: Missing output files: /cndd3/dburrows/DATA/te/rna/filt.prac/snakemake/prac.2/minus.bam, /cndd3/dburrows/DATA/te/rna/filt.prac/snakemake/prac.2/plus.bam
    resources: tmpdir=/tmp

[Wed May 24 22:46:56 2023]
Finished job 1.
1 of 5 steps (20%) done
[Wed May 24 22:47:36 2023]
Finished job 4.
2 of 5 steps (40%) done
Select jobs to execute...

[Wed May 24 22:47:36 2023]
rule samfilter_reads:
    input: /cndd3/dburrows/DATA/te/rna/filt.prac/snakemake/prac.2/plus.bam, /cndd3/dburrows/DATA/te/rna/filt.prac/snakemake/prac.2/minus.bam
    output: /cndd3/dburrows/DATA/te/rna/filt.prac/snakemake/prac.2/plus.5pfilt.bam, /cndd3/dburrows/DATA/te/rna/filt.prac/snakemake/prac.2/minus.5pfilt.bam
    jobid: 3
    reason: Missing output files: /cndd3/dburrows/DATA/te/rna/filt.prac/snakemake/prac.2/minus.5pfilt.bam, /cndd3/dburrows/DATA/te/rna/filt.prac/snakemake/prac.2/plus.5pfilt.bam; Input files updated by another job: /cndd3/dburrows/DATA/te/rna/filt.prac/snakemake/prac.2/minus.bam, /cndd3/dburrows/DATA/te/rna/filt.prac/snakemake/prac.2/plus.bam
    resources: tmpdir=/tmp

[Wed May 24 22:49:22 2023]
Finished job 3.
3 of 5 steps (60%) done
Select jobs to execute...

[Wed May 24 22:49:22 2023]
rule get_metadata:
    input: /cndd3/dburrows/DATA/te/rna/filt.prac/snakemake/prac.2/plus.5pfilt.bam, /cndd3/dburrows/DATA/te/rna/filt.prac/snakemake/prac.2/minus.5pfilt.bam
    output: /cndd3/dburrows/DATA/te/rna/filt.prac/snakemake/prac.2/plus.5pfilt.metadata.txt, /cndd3/dburrows/DATA/te/rna/filt.prac/snakemake/prac.2/minus.5pfilt.metadata.txt
    jobid: 2
    reason: Missing output files: /cndd3/dburrows/DATA/te/rna/filt.prac/snakemake/prac.2/minus.5pfilt.metadata.txt, /cndd3/dburrows/DATA/te/rna/filt.prac/snakemake/prac.2/plus.5pfilt.metadata.txt; Input files updated by another job: /cndd3/dburrows/DATA/te/rna/filt.prac/snakemake/prac.2/minus.5pfilt.bam, /cndd3/dburrows/DATA/te/rna/filt.prac/snakemake/prac.2/plus.5pfilt.bam
    resources: tmpdir=/tmp

[Wed May 24 22:49:37 2023]
Finished job 2.
4 of 5 steps (80%) done
Select jobs to execute...

[Wed May 24 22:49:37 2023]
localrule all:
    input: /cndd3/dburrows/DATA/te/rna/filt.prac/snakemake/prac.2/total_reads.txt, /cndd3/dburrows/DATA/te/rna/filt.prac/snakemake/prac.2/plus.5pfilt.metadata.txt, /cndd3/dburrows/DATA/te/rna/filt.prac/snakemake/prac.2/minus.5pfilt.metadata.txt
    jobid: 0
    reason: Input files updated by another job: /cndd3/dburrows/DATA/te/rna/filt.prac/snakemake/prac.2/minus.5pfilt.metadata.txt, /cndd3/dburrows/DATA/te/rna/filt.prac/snakemake/prac.2/plus.5pfilt.metadata.txt, /cndd3/dburrows/DATA/te/rna/filt.prac/snakemake/prac.2/total_reads.txt
    resources: tmpdir=/tmp

[Wed May 24 22:49:37 2023]
Finished job 0.
5 of 5 steps (100%) done
Complete log: .snakemake/log/2023-05-24T224438.666386.snakemake.log
