Building DAG of jobs...
Using shell: /usr/bin/bash
Provided cores: 2
Rules claiming more threads will be scaled down.
Job stats:
job            count    min threads    max threads
-----------  -------  -------------  -------------
count_reads        2              1              1
total              2              1              1

Select jobs to execute...

[Wed May 24 20:39:08 2023]
rule count_reads:
    input: /cndd3/dburrows/DATA/te/rna/filt.prac/snakemake/prac.1/Aligned.sortedByCoord.out.bam
    output: /cndd3/dburrows/DATA/te/rna/filt.prac/snakemake/prac.1/total_reads.txt
    jobid: 0
    reason: Missing output files: /cndd3/dburrows/DATA/te/rna/filt.prac/snakemake/prac.1/total_reads.txt
    wildcards: sample=prac.1
    resources: tmpdir=/tmp


[Wed May 24 20:39:08 2023]
rule count_reads:
    input: /cndd3/dburrows/DATA/te/rna/filt.prac/snakemake/prac.2/Aligned.sortedByCoord.out.bam
    output: /cndd3/dburrows/DATA/te/rna/filt.prac/snakemake/prac.2/total_reads.txt
    jobid: 1
    reason: Missing output files: /cndd3/dburrows/DATA/te/rna/filt.prac/snakemake/prac.2/total_reads.txt
    wildcards: sample=prac.2
    resources: tmpdir=/tmp

[Wed May 24 20:41:10 2023]
Finished job 0.
1 of 2 steps (50%) done
[Wed May 24 20:41:23 2023]
Finished job 1.
2 of 2 steps (100%) done
Complete log: .snakemake/log/2023-05-24T203859.335233.snakemake.log
