Building DAG of jobs...
Using shell: /usr/bin/bash
Provided cores: 1 (use --cores to define parallelism)
Rules claiming more threads will be scaled down.
Job stats:
job            count    min threads    max threads
-----------  -------  -------------  -------------
all                1              1              1
count_reads        1              1              1
split_reads        1              1              1
total              3              1              1

Select jobs to execute...

[Wed May 24 22:03:47 2023]
rule count_reads:
    input: /cndd3/dburrows/DATA/te/rna/filt.prac/snakemake/prac.1/Aligned.sortedByCoord.out.bam
    output: /cndd3/dburrows/DATA/te/rna/filt.prac/snakemake/prac.1/total_reads.txt
    jobid: 1
    reason: Missing output files: /cndd3/dburrows/DATA/te/rna/filt.prac/snakemake/prac.1/total_reads.txt
    resources: tmpdir=/tmp

[Wed May 24 22:05:51 2023]
Finished job 1.
1 of 3 steps (33%) done
Select jobs to execute...

[Wed May 24 22:05:51 2023]
rule split_reads:
    input: /cndd3/dburrows/DATA/te/rna/filt.prac/snakemake/prac.1/Aligned.sortedByCoord.out.bam
    output: /cndd3/dburrows/DATA/te/rna/filt.prac/snakemake/prac.1/plus.bam, /cndd3/dburrows/DATA/te/rna/filt.prac/snakemake/prac.1/minus.bam
    jobid: 2
    reason: Missing output files: /cndd3/dburrows/DATA/te/rna/filt.prac/snakemake/prac.1/minus.bam; Code has changed since last execution
    resources: tmpdir=/tmp

[Wed May 24 22:08:42 2023]
Finished job 2.
2 of 3 steps (67%) done
Select jobs to execute...

[Wed May 24 22:08:42 2023]
localrule all:
    input: /cndd3/dburrows/DATA/te/rna/filt.prac/snakemake/prac.1/total_reads.txt, /cndd3/dburrows/DATA/te/rna/filt.prac/snakemake/prac.1/plus.bam, /cndd3/dburrows/DATA/te/rna/filt.prac/snakemake/prac.1/minus.bam
    jobid: 0
    reason: Input files updated by another job: /cndd3/dburrows/DATA/te/rna/filt.prac/snakemake/prac.1/plus.bam, /cndd3/dburrows/DATA/te/rna/filt.prac/snakemake/prac.1/minus.bam, /cndd3/dburrows/DATA/te/rna/filt.prac/snakemake/prac.1/total_reads.txt
    resources: tmpdir=/tmp

[Wed May 24 22:08:42 2023]
Finished job 0.
3 of 3 steps (100%) done
Complete log: .snakemake/log/2023-05-24T220340.798431.snakemake.log
