Building DAG of jobs...
Using shell: /usr/bin/bash
Provided cores: 1 (use --cores to define parallelism)
Rules claiming more threads will be scaled down.
Job stats:
job            count    min threads    max threads
-----------  -------  -------------  -------------
count_reads        1              1              1
total              1              1              1

Select jobs to execute...

[Wed May 24 20:23:13 2023]
rule count_reads:
    input: /cndd3/dburrows/DATA/te/rna/filt.prac/snakemake/prac.2/Aligned.sortedByCoord.out.bam
    output: /cndd3/dburrows/DATA/te/rna/filt.prac/snakemake/prac.2/total_reads.txt
    jobid: 0
    reason: Missing output files: /cndd3/dburrows/DATA/te/rna/filt.prac/snakemake/prac.2/total_reads.txt
    wildcards: sample=prac.2
    resources: tmpdir=/tmp

[Wed May 24 20:25:28 2023]
Finished job 0.
1 of 1 steps (100%) done
Complete log: .snakemake/log/2023-05-24T202307.065990.snakemake.log
